  BG_Attack.cpp
  BG_Develop.cpp
  Brain.cpp
  CenAIModule.cpp
  DebugManager.cpp
C:\Users\justd\OneDrive\Desktop\Starcraft\libraries\BWAPI\CenAIModule\DebugManager.cpp(29,72): warning C4244: '인수': 'float'에서 'int'(으)로 변환하면서 데이터가 손실될 수 있습니다.
C:\Users\justd\OneDrive\Desktop\Starcraft\libraries\BWAPI\CenAIModule\DebugManager.cpp(40,88): warning C4244: '인수': 'float'에서 'int'(으)로 변환하면서 데이터가 손실될 수 있습니다.
C:\Users\justd\OneDrive\Desktop\Starcraft\libraries\BWAPI\CenAIModule\DebugManager.cpp(40,76): warning C4244: '인수': 'float'에서 'int'(으)로 변환하면서 데이터가 손실될 수 있습니다.
C:\Users\justd\OneDrive\Desktop\Starcraft\libraries\BWAPI\CenAIModule\DebugManager.cpp(51,90): warning C4244: '인수': 'float'에서 'int'(으)로 변환하면서 데이터가 손실될 수 있습니다.
C:\Users\justd\OneDrive\Desktop\Starcraft\libraries\BWAPI\CenAIModule\DebugManager.cpp(51,77): warning C4244: '인수': 'float'에서 'int'(으)로 변환하면서 데이터가 손실될 수 있습니다.
C:\Users\justd\OneDrive\Desktop\Starcraft\libraries\BWAPI\CenAIModule\DebugManager.cpp(77,18): warning C4244: '인수': 'int'에서 'float'(으)로 변환하면서 데이터가 손실될 수 있습니다.
C:\Users\justd\OneDrive\Desktop\Starcraft\libraries\BWAPI\CenAIModule\DebugManager.cpp(77,15): warning C4244: '인수': 'int'에서 'float'(으)로 변환하면서 데이터가 손실될 수 있습니다.
  Goal.cpp
C:\Users\justd\OneDrive\Desktop\Starcraft\libraries\BWAPI\CenAIModule\Goal.cpp(44,23): warning C4018: '<': signed 또는 unsigned가 일치하지 않습니다.
  MapManager.cpp
C:\Users\justd\OneDrive\Desktop\Starcraft\libraries\BWAPI\CenAIModule\MapManager.cpp(11,16): warning C4244: '초기화 중': 'double'에서 'float'(으)로 변환하면서 데이터가 손실될 수 있습니다.
C:\Users\justd\OneDrive\Desktop\Starcraft\libraries\BWAPI\CenAIModule\MapManager.cpp(14,21): warning C4244: 'return': 'double'에서 'float'(으)로 변환하면서 데이터가 손실될 수 있습니다.
C:\Users\justd\OneDrive\Desktop\Starcraft\libraries\BWAPI\CenAIModule\MapManager.cpp(119,21): warning C4018: '<': signed 또는 unsigned가 일치하지 않습니다.
C:\Users\justd\OneDrive\Desktop\Starcraft\libraries\BWAPI\CenAIModule\MapManager.cpp(307,31): warning C4018: '<': signed 또는 unsigned가 일치하지 않습니다.
C:\Users\justd\OneDrive\Desktop\Starcraft\libraries\BWAPI\CenAIModule\MapManager.cpp(313,34): warning C4244: '초기화 중': 'double'에서 'float'(으)로 변환하면서 데이터가 손실될 수 있습니다.
C:\Users\justd\OneDrive\Desktop\Starcraft\libraries\BWAPI\CenAIModule\MapManager.cpp(466,23): warning C4018: '<': signed 또는 unsigned가 일치하지 않습니다.
C:\Users\justd\OneDrive\Desktop\Starcraft\libraries\BWAPI\CenAIModule\MapManager.cpp(486,79): warning C4244: '인수': 'float'에서 'int'(으)로 변환하면서 데이터가 손실될 수 있습니다.
  SG_Attack.cpp
  SG_Build.cpp
C:\Users\justd\OneDrive\Desktop\Starcraft\libraries\BWAPI\CenAIModule\SG_Build.cpp(153,36): warning C4244: '인수': 'int'에서 'float'(으)로 변환하면서 데이터가 손실될 수 있습니다.
C:\Users\justd\OneDrive\Desktop\Starcraft\libraries\BWAPI\CenAIModule\SG_Build.cpp(153,33): warning C4244: '인수': 'int'에서 'float'(으)로 변환하면서 데이터가 손실될 수 있습니다.
  SG_CalcAttGatherPos.cpp
C:\Users\justd\OneDrive\Desktop\Starcraft\libraries\BWAPI\CenAIModule\SG_CalcAttGatherPos.cpp(41,92): warning C4554: '&': 연산자 우선 순위에 오류가 있는지 확인하세요. 괄호를 사용하여 우선 순위를 명확하게 지정하세요.
  SG_Gather.cpp
  SG_Recruit.cpp
C:\Users\justd\OneDrive\Desktop\Starcraft\libraries\BWAPI\CenAIModule\SG_Recruit.cpp(26,12): warning C4018: '<=': signed 또는 unsigned가 일치하지 않습니다.
  SG_StartWork.cpp
  SG_Train.cpp
C:\Users\justd\OneDrive\Desktop\Starcraft\libraries\BWAPI\CenAIModule\SG_Train.cpp(78,24): warning C4018: '<': signed 또는 unsigned가 일치하지 않습니다.
  SituationManager.cpp
C:\Users\justd\OneDrive\Desktop\Starcraft\libraries\BWAPI\CenAIModule\SituationManager.cpp(85,23): warning C4305: '초기화 중': 'double'에서 'float'(으)로 잘립니다.
C:\Users\justd\OneDrive\Desktop\Starcraft\libraries\BWAPI\CenAIModule\SituationManager.cpp(92,42): warning C4244: '인수': 'T'에서 'float'(으)로 변환하면서 데이터가 손실될 수 있습니다.
          with
          [
              T=int
          ]
C:\Users\justd\OneDrive\Desktop\Starcraft\libraries\BWAPI\CenAIModule\SituationManager.cpp(92,20): warning C4244: '인수': 'T'에서 'float'(으)로 변환하면서 데이터가 손실될 수 있습니다.
          with
          [
              T=int
          ]
C:\Users\justd\OneDrive\Desktop\Starcraft\libraries\BWAPI\CenAIModule\SituationManager.cpp(92,13): warning C4244: '인수': 'T'에서 'float'(으)로 변환하면서 데이터가 손실될 수 있습니다.
          with
          [
              T=int
          ]
C:\Users\justd\OneDrive\Desktop\Starcraft\libraries\BWAPI\CenAIModule\SituationManager.cpp(94,47): warning C4244: '인수': 'float'에서 'T'(으)로 변환하면서 데이터가 손실될 수 있습니다.
          with
          [
              T=int
          ]
C:\Users\justd\OneDrive\Desktop\Starcraft\libraries\BWAPI\CenAIModule\SituationManager.cpp(94,38): warning C4244: '인수': 'float'에서 'T'(으)로 변환하면서 데이터가 손실될 수 있습니다.
          with
          [
              T=int
          ]
C:\Users\justd\OneDrive\Desktop\Starcraft\libraries\BWAPI\CenAIModule\SituationManager.cpp(97,45): warning C4244: '인수': 'float'에서 'T'(으)로 변환하면서 데이터가 손실될 수 있습니다.
          with
          [
              T=int
          ]
C:\Users\justd\OneDrive\Desktop\Starcraft\libraries\BWAPI\CenAIModule\SituationManager.cpp(97,39): warning C4244: '인수': 'float'에서 'T'(으)로 변환하면서 데이터가 손실될 수 있습니다.
          with
          [
              T=int
          ]
C:\Users\justd\OneDrive\Desktop\Starcraft\libraries\BWAPI\CenAIModule\SituationManager.cpp(117,30): warning C4244: '인수': 'float'에서 'T'(으)로 변환하면서 데이터가 손실될 수 있습니다.
          with
          [
              T=int
          ]
C:\Users\justd\OneDrive\Desktop\Starcraft\libraries\BWAPI\CenAIModule\SituationManager.cpp(117,24): warning C4244: '인수': 'float'에서 'T'(으)로 변환하면서 데이터가 손실될 수 있습니다.
          with
          [
              T=int
          ]
C:\Users\justd\OneDrive\Desktop\Starcraft\libraries\BWAPI\CenAIModule\SituationManager.cpp(126,42): warning C4244: '인수': 'T'에서 'float'(으)로 변환하면서 데이터가 손실될 수 있습니다.
          with
          [
              T=int
          ]
C:\Users\justd\OneDrive\Desktop\Starcraft\libraries\BWAPI\CenAIModule\SituationManager.cpp(126,20): warning C4244: '인수': 'T'에서 'float'(으)로 변환하면서 데이터가 손실될 수 있습니다.
          with
          [
              T=int
          ]
C:\Users\justd\OneDrive\Desktop\Starcraft\libraries\BWAPI\CenAIModule\SituationManager.cpp(126,13): warning C4244: '인수': 'T'에서 'float'(으)로 변환하면서 데이터가 손실될 수 있습니다.
          with
          [
              T=int
          ]
C:\Users\justd\OneDrive\Desktop\Starcraft\libraries\BWAPI\CenAIModule\SituationManager.cpp(127,48): warning C4244: '인수': 'float'에서 'T'(으)로 변환하면서 데이터가 손실될 수 있습니다.
          with
          [
              T=int
          ]
C:\Users\justd\OneDrive\Desktop\Starcraft\libraries\BWAPI\CenAIModule\SituationManager.cpp(127,38): warning C4244: '인수': 'float'에서 'T'(으)로 변환하면서 데이터가 손실될 수 있습니다.
          with
          [
              T=int
          ]
C:\Users\justd\OneDrive\Desktop\Starcraft\libraries\BWAPI\CenAIModule\SituationManager.cpp(130,45): warning C4244: '인수': 'float'에서 'T'(으)로 변환하면서 데이터가 손실될 수 있습니다.
          with
          [
              T=int
          ]
C:\Users\justd\OneDrive\Desktop\Starcraft\libraries\BWAPI\CenAIModule\SituationManager.cpp(130,39): warning C4244: '인수': 'float'에서 'T'(으)로 변환하면서 데이터가 손실될 수 있습니다.
          with
          [
              T=int
          ]
C:\Users\justd\OneDrive\Desktop\Starcraft\libraries\BWAPI\CenAIModule\SituationManager.cpp(153,30): warning C4244: '인수': 'float'에서 'T'(으)로 변환하면서 데이터가 손실될 수 있습니다.
          with
          [
              T=int
          ]
C:\Users\justd\OneDrive\Desktop\Starcraft\libraries\BWAPI\CenAIModule\SituationManager.cpp(153,24): warning C4244: '인수': 'float'에서 'T'(으)로 변환하면서 데이터가 손실될 수 있습니다.
          with
          [
              T=int
          ]
C:\Users\justd\OneDrive\Desktop\Starcraft\libraries\BWAPI\CenAIModule\SituationManager.cpp(162,42): warning C4244: '인수': 'T'에서 'float'(으)로 변환하면서 데이터가 손실될 수 있습니다.
          with
          [
              T=int
          ]
C:\Users\justd\OneDrive\Desktop\Starcraft\libraries\BWAPI\CenAIModule\SituationManager.cpp(162,20): warning C4244: '인수': 'T'에서 'float'(으)로 변환하면서 데이터가 손실될 수 있습니다.
          with
          [
              T=int
          ]
C:\Users\justd\OneDrive\Desktop\Starcraft\libraries\BWAPI\CenAIModule\SituationManager.cpp(162,13): warning C4244: '인수': 'T'에서 'float'(으)로 변환하면서 데이터가 손실될 수 있습니다.
          with
          [
              T=int
          ]
C:\Users\justd\OneDrive\Desktop\Starcraft\libraries\BWAPI\CenAIModule\SituationManager.cpp(163,48): warning C4244: '인수': 'float'에서 'T'(으)로 변환하면서 데이터가 손실될 수 있습니다.
          with
          [
              T=int
          ]
C:\Users\justd\OneDrive\Desktop\Starcraft\libraries\BWAPI\CenAIModule\SituationManager.cpp(163,38): warning C4244: '인수': 'float'에서 'T'(으)로 변환하면서 데이터가 손실될 수 있습니다.
          with
          [
              T=int
          ]
C:\Users\justd\OneDrive\Desktop\Starcraft\libraries\BWAPI\CenAIModule\SituationManager.cpp(166,45): warning C4244: '인수': 'float'에서 'T'(으)로 변환하면서 데이터가 손실될 수 있습니다.
          with
          [
              T=int
          ]
C:\Users\justd\OneDrive\Desktop\Starcraft\libraries\BWAPI\CenAIModule\SituationManager.cpp(166,39): warning C4244: '인수': 'float'에서 'T'(으)로 변환하면서 데이터가 손실될 수 있습니다.
          with
          [
              T=int
          ]
C:\Users\justd\OneDrive\Desktop\Starcraft\libraries\BWAPI\CenAIModule\SituationManager.cpp(187,30): warning C4244: '인수': 'float'에서 'T'(으)로 변환하면서 데이터가 손실될 수 있습니다.
          with
          [
              T=int
          ]
C:\Users\justd\OneDrive\Desktop\Starcraft\libraries\BWAPI\CenAIModule\SituationManager.cpp(187,24): warning C4244: '인수': 'float'에서 'T'(으)로 변환하면서 데이터가 손실될 수 있습니다.
          with
          [
              T=int
          ]
  TH_ZerglingBase.cpp
C:\Users\justd\OneDrive\Desktop\Starcraft\libraries\BWAPI\CenAIModule\TH_ZerglingBase.cpp(31,21): warning C4018: '<': signed 또는 unsigned가 일치하지 않습니다.
  TechTree.cpp
  Theme.cpp
C:\Users\justd\OneDrive\Desktop\Starcraft\libraries\BWAPI\CenAIModule\Theme.cpp(10,21): warning C4018: '<': signed 또는 unsigned가 일치하지 않습니다.
C:\Users\justd\OneDrive\Desktop\Starcraft\libraries\BWAPI\CenAIModule\Theme.cpp(34,20): warning C4018: '<': signed 또는 unsigned가 일치하지 않습니다.
  코드를 생성하고 있습니다...
  CenAIModule.vcxproj -> C:\Users\justd\OneDrive\Desktop\Starcraft\Starcraft\bwapi-data\AI\CenAIModule_d.dll
