c:\users\justd\onedrive\desktop\starcraft\starcraft\bwapi-data\ai\cenaimodule_d.lib
c:\users\justd\onedrive\desktop\starcraft\starcraft\bwapi-data\ai\cenaimodule_d.exp
c:\users\justd\onedrive\desktop\starcraft\libraries\bwapi\cenaimodule\debug\cenaimodule_d.pch
c:\users\justd\onedrive\desktop\starcraft\libraries\bwapi\cenaimodule\debug\vc143.pdb
c:\users\justd\onedrive\desktop\starcraft\libraries\bwapi\cenaimodule\debug\vc143.idb
c:\users\justd\onedrive\desktop\starcraft\libraries\bwapi\cenaimodule\debug\pch.obj
c:\users\justd\onedrive\desktop\starcraft\libraries\bwapi\cenaimodule\debug\braininput.obj
c:\users\justd\onedrive\desktop\starcraft\libraries\bwapi\cenaimodule\debug\brain.obj
c:\users\justd\onedrive\desktop\starcraft\libraries\bwapi\cenaimodule\debug\theme.obj
c:\users\justd\onedrive\desktop\starcraft\libraries\bwapi\cenaimodule\debug\techtree.obj
c:\users\justd\onedrive\desktop\starcraft\libraries\bwapi\cenaimodule\debug\stopwatch.obj
c:\users\justd\onedrive\desktop\starcraft\libraries\bwapi\cenaimodule\debug\situationmanager.obj
c:\users\justd\onedrive\desktop\starcraft\libraries\bwapi\cenaimodule\debug\observer.obj
c:\users\justd\onedrive\desktop\starcraft\libraries\bwapi\cenaimodule\debug\sg_startwork.obj
c:\users\justd\onedrive\desktop\starcraft\libraries\bwapi\cenaimodule\debug\sg_recruit.obj
c:\users\justd\onedrive\desktop\starcraft\libraries\bwapi\cenaimodule\debug\sg_calcattgatherpos.obj
c:\users\justd\onedrive\desktop\starcraft\libraries\bwapi\cenaimodule\debug\logmanager.obj
c:\users\justd\onedrive\desktop\starcraft\libraries\bwapi\cenaimodule\debug\debugmanager.obj
c:\users\justd\onedrive\desktop\starcraft\libraries\bwapi\cenaimodule\debug\controller.obj
c:\users\justd\onedrive\desktop\starcraft\libraries\bwapi\cenaimodule\debug\biggoal.obj
c:\users\justd\onedrive\desktop\starcraft\libraries\bwapi\cenaimodule\debug\bg_test.obj
c:\users\justd\onedrive\desktop\starcraft\libraries\bwapi\cenaimodule\debug\bg_develop.obj
c:\users\justd\onedrive\desktop\starcraft\libraries\bwapi\cenaimodule\debug\bg_attack.obj
c:\users\justd\onedrive\desktop\starcraft\libraries\bwapi\cenaimodule\debug\bdefinput.obj
c:\users\justd\onedrive\desktop\starcraft\libraries\bwapi\cenaimodule\debug\battinput.obj
c:\users\justd\onedrive\desktop\starcraft\libraries\bwapi\cenaimodule\debug\astar.obj
c:\users\justd\onedrive\desktop\starcraft\libraries\bwapi\cenaimodule\debug\th_zerglingbase.obj
c:\users\justd\onedrive\desktop\starcraft\libraries\bwapi\cenaimodule\debug\smallgoal.obj
c:\users\justd\onedrive\desktop\starcraft\libraries\bwapi\cenaimodule\debug\sg_train.obj
c:\users\justd\onedrive\desktop\starcraft\libraries\bwapi\cenaimodule\debug\sg_gather.obj
c:\users\justd\onedrive\desktop\starcraft\libraries\bwapi\cenaimodule\debug\sg_build.obj
c:\users\justd\onedrive\desktop\starcraft\libraries\bwapi\cenaimodule\debug\sg_attack.obj
c:\users\justd\onedrive\desktop\starcraft\libraries\bwapi\cenaimodule\debug\mapmanager.obj
c:\users\justd\onedrive\desktop\starcraft\libraries\bwapi\cenaimodule\debug\goal.obj
c:\users\justd\onedrive\desktop\starcraft\libraries\bwapi\cenaimodule\debug\dllmain.obj
c:\users\justd\onedrive\desktop\starcraft\libraries\bwapi\cenaimodule\debug\cenaimodule.obj
c:\users\justd\onedrive\desktop\starcraft\libraries\bwapi\cenaimodule\debug\cenaimodule_d.ilk
c:\users\justd\onedrive\desktop\starcraft\starcraft\bwapi-data\ai\cenaimodule_d.dll
c:\users\justd\onedrive\desktop\starcraft\starcraft\bwapi-data\ai\cenaimodule_d.pdb
c:\users\justd\onedrive\desktop\starcraft\libraries\bwapi\cenaimodule\debug\cenaimodule.tlog\cenaimodule.write.1u.tlog
c:\users\justd\onedrive\desktop\starcraft\libraries\bwapi\cenaimodule\debug\cenaimodule.tlog\cl.command.1.tlog
c:\users\justd\onedrive\desktop\starcraft\libraries\bwapi\cenaimodule\debug\cenaimodule.tlog\cl.read.1.tlog
c:\users\justd\onedrive\desktop\starcraft\libraries\bwapi\cenaimodule\debug\cenaimodule.tlog\cl.write.1.tlog
c:\users\justd\onedrive\desktop\starcraft\libraries\bwapi\cenaimodule\debug\cenaimodule.tlog\link.command.1.tlog
c:\users\justd\onedrive\desktop\starcraft\libraries\bwapi\cenaimodule\debug\cenaimodule.tlog\link.read.1.tlog
c:\users\justd\onedrive\desktop\starcraft\libraries\bwapi\cenaimodule\debug\cenaimodule.tlog\link.write.1.tlog
