2023-09-29 오전 10:57:23 76596 Logging started
2023-09-29 오전 10:57:23 76596 Begin Startup
2023-09-29 오전 10:57:23 76596 Chaosauncher 0.5.4.4 on NT 6.2.9200  at C:\Users\justd\OneDrive\Desktop\Starcraft\libraries\BWAPI\Chaoslauncher\Chaoslauncher.exe
2023-09-29 오전 10:57:23 76596 Load Settings
2023-09-29 오전 10:57:23 76596 GamePath: C:\Users\justd\OneDrive\Desktop\Starcraft\Starcraft\
2023-09-29 오전 10:57:23 76596 Load Plugins
2023-09-29 오전 10:57:23 76596 AdvLoaderPluginPath: \Plugins\
2023-09-29 오전 10:57:23 76596 Loading BWL4-Plugin C:\Users\justd\OneDrive\Desktop\Starcraft\libraries\BWAPI\Chaoslauncher\iccscbn.icc
2023-09-29 오전 10:57:23 76596 Plugin loaded ICCup
2023-09-29 오전 10:57:23 76596 Loading BWL4-Plugin C:\Users\justd\OneDrive\Desktop\Starcraft\libraries\BWAPI\Chaoslauncher\Plugins\APMAlert.bwl
2023-09-29 오전 10:57:23 76596 Plugin loaded APMAlert (1.16.1)
2023-09-29 오전 10:57:23 76596 Loading BWL4-Plugin C:\Users\justd\OneDrive\Desktop\Starcraft\libraries\BWAPI\Chaoslauncher\Plugins\BWAPI_PluginInjector.bwl
2023-09-29 오전 10:57:23 76596 Plugin loaded BWAPI 4.4.0 Injector [RELEASE]
2023-09-29 오전 10:57:23 76596 Loading BWL4-Plugin C:\Users\justd\OneDrive\Desktop\Starcraft\libraries\BWAPI\Chaoslauncher\Plugins\BWAPI_PluginInjectord.bwl
2023-09-29 오전 10:57:23 76596 Plugin loaded BWAPI 4.4.0 Injector [DEBUG]
2023-09-29 오전 10:57:23 76596 Loading BWL4-Plugin C:\Users\justd\OneDrive\Desktop\Starcraft\libraries\BWAPI\Chaoslauncher\Plugins\Chaosplugin.bwl
2023-09-29 오전 10:57:23 76596 Plugin loaded Chaosplugin for 1.16.1
2023-09-29 오전 10:57:23 76596 Loading BWL4-Plugin C:\Users\justd\OneDrive\Desktop\Starcraft\libraries\BWAPI\Chaoslauncher\Plugins\LatencyChanger.bwl
2023-09-29 오전 10:57:23 76596 Plugin loaded LatencyChanger for 1.16.1
2023-09-29 오전 10:57:23 76596 Loading BWL4-Plugin C:\Users\justd\OneDrive\Desktop\Starcraft\libraries\BWAPI\Chaoslauncher\Plugins\repfix.bwl
2023-09-29 오전 10:57:23 76596 Plugin loaded RepFix
2023-09-29 오전 10:57:23 76596 Loading BWL4-Plugin C:\Users\justd\OneDrive\Desktop\Starcraft\libraries\BWAPI\Chaoslauncher\Plugins\RWAPlayer.bwl
2023-09-29 오전 10:57:23 76596 Plugin loaded RWAPlayer (1.16.1)
2023-09-29 오전 10:57:23 76596 Loading BWL4-Plugin C:\Users\justd\OneDrive\Desktop\Starcraft\libraries\BWAPI\Chaoslauncher\Plugins\RWARecorder.bwl
2023-09-29 오전 10:57:23 76596 Plugin loaded RWARecorder (1.16.1)
2023-09-29 오전 10:57:23 76596 Loading BWL4-Plugin C:\Users\justd\OneDrive\Desktop\Starcraft\libraries\BWAPI\Chaoslauncher\Plugins\Stormplugin.bwl
2023-09-29 오전 10:57:23 76596 Plugin loaded Stormplugin for 1.16.1
2023-09-29 오전 10:57:23 76596 Loading BWL4-Plugin C:\Users\justd\OneDrive\Desktop\Starcraft\libraries\BWAPI\Chaoslauncher\Plugins\wmode.bwl
2023-09-29 오전 10:57:23 76596 Plugin loaded W-MODE 1.02
2023-09-29 오전 10:57:23 76596 Load Tools
2023-09-29 오전 10:57:23 76596 Init GUI
2023-09-29 오전 10:57:23 76596 Get Starcraftversions
2023-09-29 오전 10:57:24 76596 Init complete
2023-09-29 오전 10:57:28 76596 Startbutton
2023-09-29 오전 10:57:28 76596 Starting Game Starcraft 1.16.1 C:\Users\justd\OneDrive\Desktop\Starcraft\Starcraft\StarCraft.exe
2023-09-29 오전 10:57:28 76596 BWAPI 4.4.0 Injector [DEBUG] Version  Compatible
2023-09-29 오전 10:57:28 76596 W-MODE 1.02 Version 1.0.2 Compatible
2023-09-29 오전 10:57:28 76596 Obtained DebugPrivilege
2023-09-29 오전 10:57:28 76596 CreateProcess
2023-09-29 오전 10:57:28 76596 Call ScSuspended for all active Plugins
2023-09-29 오전 10:57:28 76596 ApplyPatchSuspended for BWAPI 4.4.0 Injector [DEBUG]
2023-09-29 오전 10:57:29 76596 ApplyPatchSuspended for W-MODE 1.02
2023-09-29 오전 10:57:29 76596 ResumeThread
2023-09-29 오전 10:57:29 76596 WaitForInputIdle
2023-09-29 오전 10:57:29 76596 Call ScWindowCreated for all active Plugins
2023-09-29 오전 10:57:29 76596 ApplyPatch for BWAPI 4.4.0 Injector [DEBUG]
2023-09-29 오전 10:57:29 76596 ApplyPatch for W-MODE 1.02
2023-09-29 오전 10:57:29 76596 Starting Starcraft completed
